<?xml version="1.0" encoding="UTF-8"?>
<!-- Generated by org.testng.reporters.JUnitReportReporter -->
<testsuite hostname="DESKTOP-1U92PBD" failures="0" tests="1" name="Test.HomeTest" time="17.502" errors="0" timestamp="2023-01-16T08:17:18 CST" skipped="0">
  <testcase classname="Test.HomeTest" name="run" time="17.502"/>
  <system-out/>
</testsuite> <!-- Test.HomeTest -->
